<?xml version="1.0" encoding="UTF-8"?>
<!-- Generated by org.testng.reporters.JUnitReportReporter -->
<testsuite hostname="SHEESING-7RHJH" failures="0" tests="1" name="com.MailerApplication.MailerApplication" time="1148.947" errors="0" timestamp="05 May 2021 07:56:06 GMT" skipped="0">
  <testcase classname="com.MailerApplication.MailerApplication" name="send_mail" time="1148.947"/>
</testsuite> <!-- com.MailerApplication.MailerApplication -->
